2019-12-16 04:38:51 Error: [MissingViewException] View file "User/logout.ctp" is missing.
Exception Attributes: array (
  'file' => 'User/logout.ctp',
)
Request URL: /user/logout
Stack Trace:
#0 /var/www/html/xuanduc190499/lib/Cake/View/View.php(470): View->_getViewFileName(NULL)
#1 /var/www/html/xuanduc190499/lib/Cake/Controller/Controller.php(968): View->render(NULL, NULL)
#2 /var/www/html/xuanduc190499/lib/Cake/Routing/Dispatcher.php(200): Controller->render()
#3 /var/www/html/xuanduc190499/lib/Cake/Routing/Dispatcher.php(167): Dispatcher->_invoke(Object(UserController), Object(CakeRequest))
#4 /var/www/html/xuanduc190499/app/webroot/index.php(118): Dispatcher->dispatch(Object(CakeRequest), Object(CakeResponse))
#5 {main}
2019-12-18 06:13:49 Error: [MissingControllerException] Controller class LoginController could not be found.
Exception Attributes: array (
  'class' => 'LoginController',
  'plugin' => NULL,
)
Request URL: /login
Stack Trace:
#0 /var/www/html/xuanduc190499/app/webroot/index.php(118): Dispatcher->dispatch(Object(CakeRequest), Object(CakeResponse))
#1 {main}
2019-12-18 06:19:16 Error: [PDOException] SQLSTATE[23000]: Integrity constraint violation: 1048 Column 'id_user' cannot be null
Request URL: /chat/feed
Stack Trace:
#0 /var/www/html/xuanduc190499/lib/Cake/Model/Datasource/DboSource.php(502): PDOStatement->execute(Array)
#1 /var/www/html/xuanduc190499/lib/Cake/Model/Datasource/DboSource.php(468): DboSource->_execute('INSERT INTO `si...', Array)
#2 /var/www/html/xuanduc190499/lib/Cake/Model/Datasource/DboSource.php(1132): DboSource->execute('INSERT INTO `si...')
#3 /var/www/html/xuanduc190499/lib/Cake/Model/Model.php(1942): DboSource->create(Object(tFeed), Array, Array)
#4 /var/www/html/xuanduc190499/lib/Cake/Model/Model.php(1760): Model->_doSave(NULL, Array)
#5 /var/www/html/xuanduc190499/app/Controller/ChatController.php(19): Model->save()
#6 [internal function]: ChatController->feed()
#7 /var/www/html/xuanduc190499/lib/Cake/Controller/Controller.php(499): ReflectionMethod->invokeArgs(Object(ChatController), Array)
#8 /var/www/html/xuanduc190499/lib/Cake/Routing/Dispatcher.php(193): Controller->invokeAction(Object(CakeRequest))
#9 /var/www/html/xuanduc190499/lib/Cake/Routing/Dispatcher.php(167): Dispatcher->_invoke(Object(ChatController), Object(CakeRequest))
#10 /var/www/html/xuanduc190499/app/webroot/index.php(118): Dispatcher->dispatch(Object(CakeRequest), Object(CakeResponse))
#11 {main}
2019-12-18 06:27:46 Error: [MissingActionException] Action UserController::resigt() could not be found.
Exception Attributes: array (
  'controller' => 'UserController',
  'action' => 'resigt',
)
Request URL: /user/resigt
Stack Trace:
#0 /var/www/html/xuanduc190499/lib/Cake/Routing/Dispatcher.php(193): Controller->invokeAction(Object(CakeRequest))
#1 /var/www/html/xuanduc190499/lib/Cake/Routing/Dispatcher.php(167): Dispatcher->_invoke(Object(UserController), Object(CakeRequest))
#2 /var/www/html/xuanduc190499/app/webroot/index.php(118): Dispatcher->dispatch(Object(CakeRequest), Object(CakeResponse))
#3 {main}
2019-12-18 07:00:08 Error: [PDOException] SQLSTATE[42S22]: Column not found: 1054 Unknown column 'tFeed.t_user_id' in 'field list'
Request URL: /user/login
Stack Trace:
#0 /var/www/html/xuanduc190499/lib/Cake/Model/Datasource/DboSource.php(502): PDOStatement->execute(Array)
#1 /var/www/html/xuanduc190499/lib/Cake/Model/Datasource/DboSource.php(468): DboSource->_execute('SELECT `tFeed`....', Array)
#2 /var/www/html/xuanduc190499/lib/Cake/Model/Datasource/DboSource.php(715): DboSource->execute('SELECT `tFeed`....', Array, Array)
#3 /var/www/html/xuanduc190499/lib/Cake/Model/Datasource/DboSource.php(1564): DboSource->fetchAll('SELECT `tFeed`....', false)
#4 /var/www/html/xuanduc190499/lib/Cake/Model/Datasource/DboSource.php(1398): DboSource->_fetchHasMany(Object(tUser), 'SELECT `tFeed`....', Array)
#5 /var/www/html/xuanduc190499/lib/Cake/Model/Datasource/DboSource.php(1257): DboSource->queryAssociation(Object(tUser), Object(tFeed), 'hasMany', 'tFeed', Array, Array, true, Array, 0, Array)
#6 /var/www/html/xuanduc190499/lib/Cake/Model/Model.php(3053): DboSource->read(Object(tUser), Array)
#7 /var/www/html/xuanduc190499/lib/Cake/Model/Model.php(3025): Model->_readDataSource('first', Array)
#8 /var/www/html/xuanduc190499/app/Controller/UserController.php(41): Model->find('first', Array)
#9 [internal function]: UserController->login()
#10 /var/www/html/xuanduc190499/lib/Cake/Controller/Controller.php(499): ReflectionMethod->invokeArgs(Object(UserController), Array)
#11 /var/www/html/xuanduc190499/lib/Cake/Routing/Dispatcher.php(193): Controller->invokeAction(Object(CakeRequest))
#12 /var/www/html/xuanduc190499/lib/Cake/Routing/Dispatcher.php(167): Dispatcher->_invoke(Object(UserController), Object(CakeRequest))
#13 /var/www/html/xuanduc190499/app/webroot/index.php(118): Dispatcher->dispatch(Object(CakeRequest), Object(CakeResponse))
#14 {main}
2019-12-18 07:03:19 Error: [PDOException] SQLSTATE[42S22]: Column not found: 1054 Unknown column 'tFeed.t_user_id' in 'field list'
Request URL: /user/login
Stack Trace:
#0 /var/www/html/xuanduc190499/lib/Cake/Model/Datasource/DboSource.php(502): PDOStatement->execute(Array)
#1 /var/www/html/xuanduc190499/lib/Cake/Model/Datasource/DboSource.php(468): DboSource->_execute('SELECT `tFeed`....', Array)
#2 /var/www/html/xuanduc190499/lib/Cake/Model/Datasource/DboSource.php(715): DboSource->execute('SELECT `tFeed`....', Array, Array)
#3 /var/www/html/xuanduc190499/lib/Cake/Model/Datasource/DboSource.php(1564): DboSource->fetchAll('SELECT `tFeed`....', false)
#4 /var/www/html/xuanduc190499/lib/Cake/Model/Datasource/DboSource.php(1398): DboSource->_fetchHasMany(Object(tUser), 'SELECT `tFeed`....', Array)
#5 /var/www/html/xuanduc190499/lib/Cake/Model/Datasource/DboSource.php(1257): DboSource->queryAssociation(Object(tUser), Object(tFeed), 'hasMany', 'tFeed', Array, Array, true, Array, 0, Array)
#6 /var/www/html/xuanduc190499/lib/Cake/Model/Model.php(3053): DboSource->read(Object(tUser), Array)
#7 /var/www/html/xuanduc190499/lib/Cake/Model/Model.php(3025): Model->_readDataSource('first', Array)
#8 /var/www/html/xuanduc190499/app/Controller/UserController.php(41): Model->find('first', Array)
#9 [internal function]: UserController->login()
#10 /var/www/html/xuanduc190499/lib/Cake/Controller/Controller.php(499): ReflectionMethod->invokeArgs(Object(UserController), Array)
#11 /var/www/html/xuanduc190499/lib/Cake/Routing/Dispatcher.php(193): Controller->invokeAction(Object(CakeRequest))
#12 /var/www/html/xuanduc190499/lib/Cake/Routing/Dispatcher.php(167): Dispatcher->_invoke(Object(UserController), Object(CakeRequest))
#13 /var/www/html/xuanduc190499/app/webroot/index.php(118): Dispatcher->dispatch(Object(CakeRequest), Object(CakeResponse))
#14 {main}
2019-12-18 07:03:25 Error: [PDOException] SQLSTATE[42S22]: Column not found: 1054 Unknown column 'tFeed.t_user_id' in 'field list'
Request URL: /user/login
Stack Trace:
#0 /var/www/html/xuanduc190499/lib/Cake/Model/Datasource/DboSource.php(502): PDOStatement->execute(Array)
#1 /var/www/html/xuanduc190499/lib/Cake/Model/Datasource/DboSource.php(468): DboSource->_execute('SELECT `tFeed`....', Array)
#2 /var/www/html/xuanduc190499/lib/Cake/Model/Datasource/DboSource.php(715): DboSource->execute('SELECT `tFeed`....', Array, Array)
#3 /var/www/html/xuanduc190499/lib/Cake/Model/Datasource/DboSource.php(1564): DboSource->fetchAll('SELECT `tFeed`....', false)
#4 /var/www/html/xuanduc190499/lib/Cake/Model/Datasource/DboSource.php(1398): DboSource->_fetchHasMany(Object(tUser), 'SELECT `tFeed`....', Array)
#5 /var/www/html/xuanduc190499/lib/Cake/Model/Datasource/DboSource.php(1257): DboSource->queryAssociation(Object(tUser), Object(tFeed), 'hasMany', 'tFeed', Array, Array, true, Array, 0, Array)
#6 /var/www/html/xuanduc190499/lib/Cake/Model/Model.php(3053): DboSource->read(Object(tUser), Array)
#7 /var/www/html/xuanduc190499/lib/Cake/Model/Model.php(3025): Model->_readDataSource('first', Array)
#8 /var/www/html/xuanduc190499/app/Controller/UserController.php(41): Model->find('first', Array)
#9 [internal function]: UserController->login()
#10 /var/www/html/xuanduc190499/lib/Cake/Controller/Controller.php(499): ReflectionMethod->invokeArgs(Object(UserController), Array)
#11 /var/www/html/xuanduc190499/lib/Cake/Routing/Dispatcher.php(193): Controller->invokeAction(Object(CakeRequest))
#12 /var/www/html/xuanduc190499/lib/Cake/Routing/Dispatcher.php(167): Dispatcher->_invoke(Object(UserController), Object(CakeRequest))
#13 /var/www/html/xuanduc190499/app/webroot/index.php(118): Dispatcher->dispatch(Object(CakeRequest), Object(CakeResponse))
#14 {main}
2019-12-18 07:03:35 Error: [PDOException] SQLSTATE[42S22]: Column not found: 1054 Unknown column 'tFeed.t_user_id' in 'field list'
Request URL: /user/login
Stack Trace:
#0 /var/www/html/xuanduc190499/lib/Cake/Model/Datasource/DboSource.php(502): PDOStatement->execute(Array)
#1 /var/www/html/xuanduc190499/lib/Cake/Model/Datasource/DboSource.php(468): DboSource->_execute('SELECT `tFeed`....', Array)
#2 /var/www/html/xuanduc190499/lib/Cake/Model/Datasource/DboSource.php(715): DboSource->execute('SELECT `tFeed`....', Array, Array)
#3 /var/www/html/xuanduc190499/lib/Cake/Model/Datasource/DboSource.php(1564): DboSource->fetchAll('SELECT `tFeed`....', false)
#4 /var/www/html/xuanduc190499/lib/Cake/Model/Datasource/DboSource.php(1398): DboSource->_fetchHasMany(Object(tUser), 'SELECT `tFeed`....', Array)
#5 /var/www/html/xuanduc190499/lib/Cake/Model/Datasource/DboSource.php(1257): DboSource->queryAssociation(Object(tUser), Object(tFeed), 'hasMany', 'tFeed', Array, Array, true, Array, 0, Array)
#6 /var/www/html/xuanduc190499/lib/Cake/Model/Model.php(3053): DboSource->read(Object(tUser), Array)
#7 /var/www/html/xuanduc190499/lib/Cake/Model/Model.php(3025): Model->_readDataSource('first', Array)
#8 /var/www/html/xuanduc190499/app/Controller/UserController.php(41): Model->find('first', Array)
#9 [internal function]: UserController->login()
#10 /var/www/html/xuanduc190499/lib/Cake/Controller/Controller.php(499): ReflectionMethod->invokeArgs(Object(UserController), Array)
#11 /var/www/html/xuanduc190499/lib/Cake/Routing/Dispatcher.php(193): Controller->invokeAction(Object(CakeRequest))
#12 /var/www/html/xuanduc190499/lib/Cake/Routing/Dispatcher.php(167): Dispatcher->_invoke(Object(UserController), Object(CakeRequest))
#13 /var/www/html/xuanduc190499/app/webroot/index.php(118): Dispatcher->dispatch(Object(CakeRequest), Object(CakeResponse))
#14 {main}
2019-12-18 07:04:14 Error: [PDOException] SQLSTATE[42S22]: Column not found: 1054 Unknown column 'tFeed.t_user_id' in 'field list'
Request URL: /user/login
Stack Trace:
#0 /var/www/html/xuanduc190499/lib/Cake/Model/Datasource/DboSource.php(502): PDOStatement->execute(Array)
#1 /var/www/html/xuanduc190499/lib/Cake/Model/Datasource/DboSource.php(468): DboSource->_execute('SELECT `tFeed`....', Array)
#2 /var/www/html/xuanduc190499/lib/Cake/Model/Datasource/DboSource.php(715): DboSource->execute('SELECT `tFeed`....', Array, Array)
#3 /var/www/html/xuanduc190499/lib/Cake/Model/Datasource/DboSource.php(1564): DboSource->fetchAll('SELECT `tFeed`....', false)
#4 /var/www/html/xuanduc190499/lib/Cake/Model/Datasource/DboSource.php(1398): DboSource->_fetchHasMany(Object(tUser), 'SELECT `tFeed`....', Array)
#5 /var/www/html/xuanduc190499/lib/Cake/Model/Datasource/DboSource.php(1257): DboSource->queryAssociation(Object(tUser), Object(tFeed), 'hasMany', 'tFeed', Array, Array, true, Array, 0, Array)
#6 /var/www/html/xuanduc190499/lib/Cake/Model/Model.php(3053): DboSource->read(Object(tUser), Array)
#7 /var/www/html/xuanduc190499/lib/Cake/Model/Model.php(3025): Model->_readDataSource('first', Array)
#8 /var/www/html/xuanduc190499/app/Controller/UserController.php(41): Model->find('first', Array)
#9 [internal function]: UserController->login()
#10 /var/www/html/xuanduc190499/lib/Cake/Controller/Controller.php(499): ReflectionMethod->invokeArgs(Object(UserController), Array)
#11 /var/www/html/xuanduc190499/lib/Cake/Routing/Dispatcher.php(193): Controller->invokeAction(Object(CakeRequest))
#12 /var/www/html/xuanduc190499/lib/Cake/Routing/Dispatcher.php(167): Dispatcher->_invoke(Object(UserController), Object(CakeRequest))
#13 /var/www/html/xuanduc190499/app/webroot/index.php(118): Dispatcher->dispatch(Object(CakeRequest), Object(CakeResponse))
#14 {main}
2019-12-18 08:22:34 Error: [MissingActionException] Action ChatController::WWW_ROOT . 'img() could not be found.
Exception Attributes: array (
  'controller' => 'ChatController',
  'action' => 'WWW_ROOT . \'img',
)
Request URL: /chat/WWW_ROOT%20.%20'img/upload/'%20.%20$file['name']
Stack Trace:
#0 /var/www/html/xuanduc190499/lib/Cake/Routing/Dispatcher.php(193): Controller->invokeAction(Object(CakeRequest))
#1 /var/www/html/xuanduc190499/lib/Cake/Routing/Dispatcher.php(167): Dispatcher->_invoke(Object(ChatController), Object(CakeRequest))
#2 /var/www/html/xuanduc190499/app/webroot/index.php(118): Dispatcher->dispatch(Object(CakeRequest), Object(CakeResponse))
#3 {main}
2019-12-18 08:22:38 Error: [MissingActionException] Action ChatController::WWW_ROOT . 'img() could not be found.
Exception Attributes: array (
  'controller' => 'ChatController',
  'action' => 'WWW_ROOT . \'img',
)
Request URL: /chat/WWW_ROOT%20.%20'img/upload/'%20.%20$file['name']
Stack Trace:
#0 /var/www/html/xuanduc190499/lib/Cake/Routing/Dispatcher.php(193): Controller->invokeAction(Object(CakeRequest))
#1 /var/www/html/xuanduc190499/lib/Cake/Routing/Dispatcher.php(167): Dispatcher->_invoke(Object(ChatController), Object(CakeRequest))
#2 /var/www/html/xuanduc190499/app/webroot/index.php(118): Dispatcher->dispatch(Object(CakeRequest), Object(CakeResponse))
#3 {main}
2019-12-18 08:22:43 Error: [MissingActionException] Action ChatController::WWW_ROOT . 'img() could not be found.
Exception Attributes: array (
  'controller' => 'ChatController',
  'action' => 'WWW_ROOT . \'img',
)
Request URL: /chat/WWW_ROOT%20.%20'img/upload/'%20.%20$file['name']
Stack Trace:
#0 /var/www/html/xuanduc190499/lib/Cake/Routing/Dispatcher.php(193): Controller->invokeAction(Object(CakeRequest))
#1 /var/www/html/xuanduc190499/lib/Cake/Routing/Dispatcher.php(167): Dispatcher->_invoke(Object(ChatController), Object(CakeRequest))
#2 /var/www/html/xuanduc190499/app/webroot/index.php(118): Dispatcher->dispatch(Object(CakeRequest), Object(CakeResponse))
#3 {main}
2019-12-18 08:24:53 Error: [MissingActionException] Action ChatController::WWW_ROOT . 'img() could not be found.
Exception Attributes: array (
  'controller' => 'ChatController',
  'action' => 'WWW_ROOT . \'img',
)
Request URL: /chat/WWW_ROOT%20.%20'img/upload/'%20.%20$file['name']
Stack Trace:
#0 /var/www/html/xuanduc190499/lib/Cake/Routing/Dispatcher.php(193): Controller->invokeAction(Object(CakeRequest))
#1 /var/www/html/xuanduc190499/lib/Cake/Routing/Dispatcher.php(167): Dispatcher->_invoke(Object(ChatController), Object(CakeRequest))
#2 /var/www/html/xuanduc190499/app/webroot/index.php(118): Dispatcher->dispatch(Object(CakeRequest), Object(CakeResponse))
#3 {main}
2019-12-18 08:25:00 Error: [MissingActionException] Action ChatController::WWW_ROOT . 'img() could not be found.
Exception Attributes: array (
  'controller' => 'ChatController',
  'action' => 'WWW_ROOT . \'img',
)
Request URL: /chat/WWW_ROOT%20.%20'img/upload/'%20.%20$file['name']
Stack Trace:
#0 /var/www/html/xuanduc190499/lib/Cake/Routing/Dispatcher.php(193): Controller->invokeAction(Object(CakeRequest))
#1 /var/www/html/xuanduc190499/lib/Cake/Routing/Dispatcher.php(167): Dispatcher->_invoke(Object(ChatController), Object(CakeRequest))
#2 /var/www/html/xuanduc190499/app/webroot/index.php(118): Dispatcher->dispatch(Object(CakeRequest), Object(CakeResponse))
#3 {main}
2019-12-18 08:27:00 Error: [MissingActionException] Action ChatController::WWW_ROOT . 'img() could not be found.
Exception Attributes: array (
  'controller' => 'ChatController',
  'action' => 'WWW_ROOT . \'img',
)
Request URL: /chat/WWW_ROOT%20.%20'img/upload/'%20.%20$file['name']
Stack Trace:
#0 /var/www/html/xuanduc190499/lib/Cake/Routing/Dispatcher.php(193): Controller->invokeAction(Object(CakeRequest))
#1 /var/www/html/xuanduc190499/lib/Cake/Routing/Dispatcher.php(167): Dispatcher->_invoke(Object(ChatController), Object(CakeRequest))
#2 /var/www/html/xuanduc190499/app/webroot/index.php(118): Dispatcher->dispatch(Object(CakeRequest), Object(CakeResponse))
#3 {main}
2019-12-18 08:27:16 Error: [MissingActionException] Action ChatController::WWW_ROOT . 'img() could not be found.
Exception Attributes: array (
  'controller' => 'ChatController',
  'action' => 'WWW_ROOT . \'img',
)
Request URL: /chat/WWW_ROOT%20.%20'img/upload/'%20.%20$file['name']
Stack Trace:
#0 /var/www/html/xuanduc190499/lib/Cake/Routing/Dispatcher.php(193): Controller->invokeAction(Object(CakeRequest))
#1 /var/www/html/xuanduc190499/lib/Cake/Routing/Dispatcher.php(167): Dispatcher->_invoke(Object(ChatController), Object(CakeRequest))
#2 /var/www/html/xuanduc190499/app/webroot/index.php(118): Dispatcher->dispatch(Object(CakeRequest), Object(CakeResponse))
#3 {main}
2019-12-18 08:28:05 Error: [MissingActionException] Action ChatController::WWW_ROOT . 'img() could not be found.
Exception Attributes: array (
  'controller' => 'ChatController',
  'action' => 'WWW_ROOT . \'img',
)
Request URL: /chat/WWW_ROOT%20.%20'img/upload/'%20.%20$file['name']
Stack Trace:
#0 /var/www/html/xuanduc190499/lib/Cake/Routing/Dispatcher.php(193): Controller->invokeAction(Object(CakeRequest))
#1 /var/www/html/xuanduc190499/lib/Cake/Routing/Dispatcher.php(167): Dispatcher->_invoke(Object(ChatController), Object(CakeRequest))
#2 /var/www/html/xuanduc190499/app/webroot/index.php(118): Dispatcher->dispatch(Object(CakeRequest), Object(CakeResponse))
#3 {main}
2019-12-18 08:28:11 Error: [MissingActionException] Action ChatController::WWW_ROOT . 'img() could not be found.
Exception Attributes: array (
  'controller' => 'ChatController',
  'action' => 'WWW_ROOT . \'img',
)
Request URL: /chat/WWW_ROOT%20.%20'img/upload/'%20.%20$file['name']
Stack Trace:
#0 /var/www/html/xuanduc190499/lib/Cake/Routing/Dispatcher.php(193): Controller->invokeAction(Object(CakeRequest))
#1 /var/www/html/xuanduc190499/lib/Cake/Routing/Dispatcher.php(167): Dispatcher->_invoke(Object(ChatController), Object(CakeRequest))
#2 /var/www/html/xuanduc190499/app/webroot/index.php(118): Dispatcher->dispatch(Object(CakeRequest), Object(CakeResponse))
#3 {main}
2019-12-18 08:29:15 Error: [MissingActionException] Action ChatController::WWW_ROOT . 'img() could not be found.
Exception Attributes: array (
  'controller' => 'ChatController',
  'action' => 'WWW_ROOT . \'img',
)
Request URL: /chat/WWW_ROOT%20.%20'img/upload/'%20.%20$file['name']
Stack Trace:
#0 /var/www/html/xuanduc190499/lib/Cake/Routing/Dispatcher.php(193): Controller->invokeAction(Object(CakeRequest))
#1 /var/www/html/xuanduc190499/lib/Cake/Routing/Dispatcher.php(167): Dispatcher->_invoke(Object(ChatController), Object(CakeRequest))
#2 /var/www/html/xuanduc190499/app/webroot/index.php(118): Dispatcher->dispatch(Object(CakeRequest), Object(CakeResponse))
#3 {main}
2019-12-18 08:30:09 Error: [MissingActionException] Action ChatController::WWW_ROOT . 'img() could not be found.
Exception Attributes: array (
  'controller' => 'ChatController',
  'action' => 'WWW_ROOT . \'img',
)
Request URL: /chat/WWW_ROOT%20.%20'img/upload/'%20.%20$file['name']
Stack Trace:
#0 /var/www/html/xuanduc190499/lib/Cake/Routing/Dispatcher.php(193): Controller->invokeAction(Object(CakeRequest))
#1 /var/www/html/xuanduc190499/lib/Cake/Routing/Dispatcher.php(167): Dispatcher->_invoke(Object(ChatController), Object(CakeRequest))
#2 /var/www/html/xuanduc190499/app/webroot/index.php(118): Dispatcher->dispatch(Object(CakeRequest), Object(CakeResponse))
#3 {main}
2019-12-18 08:30:22 Error: [MissingActionException] Action ChatController::WWW_ROOT . 'img() could not be found.
Exception Attributes: array (
  'controller' => 'ChatController',
  'action' => 'WWW_ROOT . \'img',
)
Request URL: /chat/WWW_ROOT%20.%20'img/upload/'%20.%20$file['name']
Stack Trace:
#0 /var/www/html/xuanduc190499/lib/Cake/Routing/Dispatcher.php(193): Controller->invokeAction(Object(CakeRequest))
#1 /var/www/html/xuanduc190499/lib/Cake/Routing/Dispatcher.php(167): Dispatcher->_invoke(Object(ChatController), Object(CakeRequest))
#2 /var/www/html/xuanduc190499/app/webroot/index.php(118): Dispatcher->dispatch(Object(CakeRequest), Object(CakeResponse))
#3 {main}
2019-12-18 08:30:52 Error: [MissingActionException] Action ChatController::WWW_ROOT . 'img() could not be found.
Exception Attributes: array (
  'controller' => 'ChatController',
  'action' => 'WWW_ROOT . \'img',
)
Request URL: /chat/WWW_ROOT%20.%20'img/upload/'%20.%20$file['name']
Stack Trace:
#0 /var/www/html/xuanduc190499/lib/Cake/Routing/Dispatcher.php(193): Controller->invokeAction(Object(CakeRequest))
#1 /var/www/html/xuanduc190499/lib/Cake/Routing/Dispatcher.php(167): Dispatcher->_invoke(Object(ChatController), Object(CakeRequest))
#2 /var/www/html/xuanduc190499/app/webroot/index.php(118): Dispatcher->dispatch(Object(CakeRequest), Object(CakeResponse))
#3 {main}
2019-12-18 08:30:55 Error: [MissingActionException] Action ChatController::WWW_ROOT . 'img() could not be found.
Exception Attributes: array (
  'controller' => 'ChatController',
  'action' => 'WWW_ROOT . \'img',
)
Request URL: /chat/WWW_ROOT%20.%20'img/upload/'%20.%20$file['name']
Stack Trace:
#0 /var/www/html/xuanduc190499/lib/Cake/Routing/Dispatcher.php(193): Controller->invokeAction(Object(CakeRequest))
#1 /var/www/html/xuanduc190499/lib/Cake/Routing/Dispatcher.php(167): Dispatcher->_invoke(Object(ChatController), Object(CakeRequest))
#2 /var/www/html/xuanduc190499/app/webroot/index.php(118): Dispatcher->dispatch(Object(CakeRequest), Object(CakeResponse))
#3 {main}
2019-12-18 08:37:07 Error: [MissingActionException] Action ChatController::WWW_ROOT . 'img() could not be found.
Exception Attributes: array (
  'controller' => 'ChatController',
  'action' => 'WWW_ROOT . \'img',
)
Request URL: /chat/WWW_ROOT%20.%20'img/upload/'%20.%20$file['name']
Stack Trace:
#0 /var/www/html/xuanduc190499/lib/Cake/Routing/Dispatcher.php(193): Controller->invokeAction(Object(CakeRequest))
#1 /var/www/html/xuanduc190499/lib/Cake/Routing/Dispatcher.php(167): Dispatcher->_invoke(Object(ChatController), Object(CakeRequest))
#2 /var/www/html/xuanduc190499/app/webroot/index.php(118): Dispatcher->dispatch(Object(CakeRequest), Object(CakeResponse))
#3 {main}
2019-12-18 08:37:37 Error: [MissingActionException] Action ChatController::WWW_ROOT . 'img() could not be found.
Exception Attributes: array (
  'controller' => 'ChatController',
  'action' => 'WWW_ROOT . \'img',
)
Request URL: /chat/WWW_ROOT%20.%20'img/upload/'%20.%20$file['name']
Stack Trace:
#0 /var/www/html/xuanduc190499/lib/Cake/Routing/Dispatcher.php(193): Controller->invokeAction(Object(CakeRequest))
#1 /var/www/html/xuanduc190499/lib/Cake/Routing/Dispatcher.php(167): Dispatcher->_invoke(Object(ChatController), Object(CakeRequest))
#2 /var/www/html/xuanduc190499/app/webroot/index.php(118): Dispatcher->dispatch(Object(CakeRequest), Object(CakeResponse))
#3 {main}
2019-12-18 08:37:43 Error: [MissingActionException] Action ChatController::WWW_ROOT . 'img() could not be found.
Exception Attributes: array (
  'controller' => 'ChatController',
  'action' => 'WWW_ROOT . \'img',
)
Request URL: /chat/WWW_ROOT%20.%20'img/upload/'%20.%20$file['name']
Stack Trace:
#0 /var/www/html/xuanduc190499/lib/Cake/Routing/Dispatcher.php(193): Controller->invokeAction(Object(CakeRequest))
#1 /var/www/html/xuanduc190499/lib/Cake/Routing/Dispatcher.php(167): Dispatcher->_invoke(Object(ChatController), Object(CakeRequest))
#2 /var/www/html/xuanduc190499/app/webroot/index.php(118): Dispatcher->dispatch(Object(CakeRequest), Object(CakeResponse))
#3 {main}
2019-12-18 08:37:46 Error: [MissingActionException] Action ChatController::WWW_ROOT . 'img() could not be found.
Exception Attributes: array (
  'controller' => 'ChatController',
  'action' => 'WWW_ROOT . \'img',
)
Request URL: /chat/WWW_ROOT%20.%20'img/upload/'%20.%20$file['name']
Stack Trace:
#0 /var/www/html/xuanduc190499/lib/Cake/Routing/Dispatcher.php(193): Controller->invokeAction(Object(CakeRequest))
#1 /var/www/html/xuanduc190499/lib/Cake/Routing/Dispatcher.php(167): Dispatcher->_invoke(Object(ChatController), Object(CakeRequest))
#2 /var/www/html/xuanduc190499/app/webroot/index.php(118): Dispatcher->dispatch(Object(CakeRequest), Object(CakeResponse))
#3 {main}
2019-12-18 08:37:49 Error: [MissingActionException] Action ChatController::WWW_ROOT . 'img() could not be found.
Exception Attributes: array (
  'controller' => 'ChatController',
  'action' => 'WWW_ROOT . \'img',
)
Request URL: /chat/WWW_ROOT%20.%20'img/upload/'%20.%20$file['name']
Stack Trace:
#0 /var/www/html/xuanduc190499/lib/Cake/Routing/Dispatcher.php(193): Controller->invokeAction(Object(CakeRequest))
#1 /var/www/html/xuanduc190499/lib/Cake/Routing/Dispatcher.php(167): Dispatcher->_invoke(Object(ChatController), Object(CakeRequest))
#2 /var/www/html/xuanduc190499/app/webroot/index.php(118): Dispatcher->dispatch(Object(CakeRequest), Object(CakeResponse))
#3 {main}
2019-12-18 08:38:05 Error: [MissingActionException] Action ChatController::WWW_ROOT . 'img() could not be found.
Exception Attributes: array (
  'controller' => 'ChatController',
  'action' => 'WWW_ROOT . \'img',
)
Request URL: /chat/WWW_ROOT%20.%20'img/upload/'%20.%20$file['name']
Stack Trace:
#0 /var/www/html/xuanduc190499/lib/Cake/Routing/Dispatcher.php(193): Controller->invokeAction(Object(CakeRequest))
#1 /var/www/html/xuanduc190499/lib/Cake/Routing/Dispatcher.php(167): Dispatcher->_invoke(Object(ChatController), Object(CakeRequest))
#2 /var/www/html/xuanduc190499/app/webroot/index.php(118): Dispatcher->dispatch(Object(CakeRequest), Object(CakeResponse))
#3 {main}
2019-12-18 08:43:07 Error: [MissingActionException] Action ChatController::WWW_ROOT . 'img() could not be found.
Exception Attributes: array (
  'controller' => 'ChatController',
  'action' => 'WWW_ROOT . \'img',
)
Request URL: /chat/WWW_ROOT%20.%20'img/upload/'%20.%20$file['name']
Stack Trace:
#0 /var/www/html/xuanduc190499/lib/Cake/Routing/Dispatcher.php(193): Controller->invokeAction(Object(CakeRequest))
#1 /var/www/html/xuanduc190499/lib/Cake/Routing/Dispatcher.php(167): Dispatcher->_invoke(Object(ChatController), Object(CakeRequest))
#2 /var/www/html/xuanduc190499/app/webroot/index.php(118): Dispatcher->dispatch(Object(CakeRequest), Object(CakeResponse))
#3 {main}
2019-12-18 08:43:09 Error: [MissingActionException] Action ChatController::WWW_ROOT . 'img() could not be found.
Exception Attributes: array (
  'controller' => 'ChatController',
  'action' => 'WWW_ROOT . \'img',
)
Request URL: /chat/WWW_ROOT%20.%20'img/upload/'%20.%20$file['name']
Stack Trace:
#0 /var/www/html/xuanduc190499/lib/Cake/Routing/Dispatcher.php(193): Controller->invokeAction(Object(CakeRequest))
#1 /var/www/html/xuanduc190499/lib/Cake/Routing/Dispatcher.php(167): Dispatcher->_invoke(Object(ChatController), Object(CakeRequest))
#2 /var/www/html/xuanduc190499/app/webroot/index.php(118): Dispatcher->dispatch(Object(CakeRequest), Object(CakeResponse))
#3 {main}
2019-12-18 08:43:17 Error: [MissingActionException] Action ChatController::WWW_ROOT . 'img() could not be found.
Exception Attributes: array (
  'controller' => 'ChatController',
  'action' => 'WWW_ROOT . \'img',
)
Request URL: /chat/WWW_ROOT%20.%20'img/upload/'%20.%20$file['name']
Stack Trace:
#0 /var/www/html/xuanduc190499/lib/Cake/Routing/Dispatcher.php(193): Controller->invokeAction(Object(CakeRequest))
#1 /var/www/html/xuanduc190499/lib/Cake/Routing/Dispatcher.php(167): Dispatcher->_invoke(Object(ChatController), Object(CakeRequest))
#2 /var/www/html/xuanduc190499/app/webroot/index.php(118): Dispatcher->dispatch(Object(CakeRequest), Object(CakeResponse))
#3 {main}
2019-12-18 08:43:29 Error: [MissingActionException] Action ChatController::WWW_ROOT . 'img() could not be found.
Exception Attributes: array (
  'controller' => 'ChatController',
  'action' => 'WWW_ROOT . \'img',
)
Request URL: /chat/WWW_ROOT%20.%20'img/upload/'%20.%20$file['name']
Stack Trace:
#0 /var/www/html/xuanduc190499/lib/Cake/Routing/Dispatcher.php(193): Controller->invokeAction(Object(CakeRequest))
#1 /var/www/html/xuanduc190499/lib/Cake/Routing/Dispatcher.php(167): Dispatcher->_invoke(Object(ChatController), Object(CakeRequest))
#2 /var/www/html/xuanduc190499/app/webroot/index.php(118): Dispatcher->dispatch(Object(CakeRequest), Object(CakeResponse))
#3 {main}
2019-12-18 08:43:38 Error: [MissingActionException] Action ChatController::WWW_ROOT . 'img() could not be found.
Exception Attributes: array (
  'controller' => 'ChatController',
  'action' => 'WWW_ROOT . \'img',
)
Request URL: /chat/WWW_ROOT%20.%20'img/upload/'%20.%20$file['name']
Stack Trace:
#0 /var/www/html/xuanduc190499/lib/Cake/Routing/Dispatcher.php(193): Controller->invokeAction(Object(CakeRequest))
#1 /var/www/html/xuanduc190499/lib/Cake/Routing/Dispatcher.php(167): Dispatcher->_invoke(Object(ChatController), Object(CakeRequest))
#2 /var/www/html/xuanduc190499/app/webroot/index.php(118): Dispatcher->dispatch(Object(CakeRequest), Object(CakeResponse))
#3 {main}
2019-12-18 08:44:24 Error: [MissingActionException] Action ChatController::WWW_ROOT . 'img() could not be found.
Exception Attributes: array (
  'controller' => 'ChatController',
  'action' => 'WWW_ROOT . \'img',
)
Request URL: /chat/WWW_ROOT%20.%20'img/upload/'%20.%20$file['name']
Stack Trace:
#0 /var/www/html/xuanduc190499/lib/Cake/Routing/Dispatcher.php(193): Controller->invokeAction(Object(CakeRequest))
#1 /var/www/html/xuanduc190499/lib/Cake/Routing/Dispatcher.php(167): Dispatcher->_invoke(Object(ChatController), Object(CakeRequest))
#2 /var/www/html/xuanduc190499/app/webroot/index.php(118): Dispatcher->dispatch(Object(CakeRequest), Object(CakeResponse))
#3 {main}
2019-12-18 08:44:44 Error: [MissingActionException] Action ChatController::WWW_ROOT . 'img() could not be found.
Exception Attributes: array (
  'controller' => 'ChatController',
  'action' => 'WWW_ROOT . \'img',
)
Request URL: /chat/WWW_ROOT%20.%20'img/upload/'%20.%20$file['name']
Stack Trace:
#0 /var/www/html/xuanduc190499/lib/Cake/Routing/Dispatcher.php(193): Controller->invokeAction(Object(CakeRequest))
#1 /var/www/html/xuanduc190499/lib/Cake/Routing/Dispatcher.php(167): Dispatcher->_invoke(Object(ChatController), Object(CakeRequest))
#2 /var/www/html/xuanduc190499/app/webroot/index.php(118): Dispatcher->dispatch(Object(CakeRequest), Object(CakeResponse))
#3 {main}
2019-12-18 08:44:47 Error: [MissingActionException] Action ChatController::WWW_ROOT . 'img() could not be found.
Exception Attributes: array (
  'controller' => 'ChatController',
  'action' => 'WWW_ROOT . \'img',
)
Request URL: /chat/WWW_ROOT%20.%20'img/upload/'%20.%20$file['name']
Stack Trace:
#0 /var/www/html/xuanduc190499/lib/Cake/Routing/Dispatcher.php(193): Controller->invokeAction(Object(CakeRequest))
#1 /var/www/html/xuanduc190499/lib/Cake/Routing/Dispatcher.php(167): Dispatcher->_invoke(Object(ChatController), Object(CakeRequest))
#2 /var/www/html/xuanduc190499/app/webroot/index.php(118): Dispatcher->dispatch(Object(CakeRequest), Object(CakeResponse))
#3 {main}
2019-12-18 08:48:29 Error: [MissingActionException] Action ChatController::WWW_ROOT . 'img() could not be found.
Exception Attributes: array (
  'controller' => 'ChatController',
  'action' => 'WWW_ROOT . \'img',
)
Request URL: /chat/WWW_ROOT%20.%20'img/upload/'%20.%20$file['name']
Stack Trace:
#0 /var/www/html/xuanduc190499/lib/Cake/Routing/Dispatcher.php(193): Controller->invokeAction(Object(CakeRequest))
#1 /var/www/html/xuanduc190499/lib/Cake/Routing/Dispatcher.php(167): Dispatcher->_invoke(Object(ChatController), Object(CakeRequest))
#2 /var/www/html/xuanduc190499/app/webroot/index.php(118): Dispatcher->dispatch(Object(CakeRequest), Object(CakeResponse))
#3 {main}
2019-12-18 08:48:48 Error: [MissingActionException] Action ChatController::WWW_ROOT . 'img() could not be found.
Exception Attributes: array (
  'controller' => 'ChatController',
  'action' => 'WWW_ROOT . \'img',
)
Request URL: /chat/WWW_ROOT%20.%20'img/upload/'%20.%20$file['name']
Stack Trace:
#0 /var/www/html/xuanduc190499/lib/Cake/Routing/Dispatcher.php(193): Controller->invokeAction(Object(CakeRequest))
#1 /var/www/html/xuanduc190499/lib/Cake/Routing/Dispatcher.php(167): Dispatcher->_invoke(Object(ChatController), Object(CakeRequest))
#2 /var/www/html/xuanduc190499/app/webroot/index.php(118): Dispatcher->dispatch(Object(CakeRequest), Object(CakeResponse))
#3 {main}
2019-12-18 08:48:55 Error: [MissingActionException] Action ChatController::WWW_ROOT . 'img() could not be found.
Exception Attributes: array (
  'controller' => 'ChatController',
  'action' => 'WWW_ROOT . \'img',
)
Request URL: /chat/WWW_ROOT%20.%20'img/upload/'%20.%20$file['name']
Stack Trace:
#0 /var/www/html/xuanduc190499/lib/Cake/Routing/Dispatcher.php(193): Controller->invokeAction(Object(CakeRequest))
#1 /var/www/html/xuanduc190499/lib/Cake/Routing/Dispatcher.php(167): Dispatcher->_invoke(Object(ChatController), Object(CakeRequest))
#2 /var/www/html/xuanduc190499/app/webroot/index.php(118): Dispatcher->dispatch(Object(CakeRequest), Object(CakeResponse))
#3 {main}
2019-12-18 08:49:09 Error: [MissingActionException] Action ChatController::WWW_ROOT . 'img() could not be found.
Exception Attributes: array (
  'controller' => 'ChatController',
  'action' => 'WWW_ROOT . \'img',
)
Request URL: /chat/WWW_ROOT%20.%20'img/upload/'%20.%20$file['name']
Stack Trace:
#0 /var/www/html/xuanduc190499/lib/Cake/Routing/Dispatcher.php(193): Controller->invokeAction(Object(CakeRequest))
#1 /var/www/html/xuanduc190499/lib/Cake/Routing/Dispatcher.php(167): Dispatcher->_invoke(Object(ChatController), Object(CakeRequest))
#2 /var/www/html/xuanduc190499/app/webroot/index.php(118): Dispatcher->dispatch(Object(CakeRequest), Object(CakeResponse))
#3 {main}
2019-12-18 08:49:50 Error: [MissingActionException] Action ChatController::WWW_ROOT . 'img() could not be found.
Exception Attributes: array (
  'controller' => 'ChatController',
  'action' => 'WWW_ROOT . \'img',
)
Request URL: /chat/WWW_ROOT%20.%20'img/upload/'%20.%20$file['name']
Stack Trace:
#0 /var/www/html/xuanduc190499/lib/Cake/Routing/Dispatcher.php(193): Controller->invokeAction(Object(CakeRequest))
#1 /var/www/html/xuanduc190499/lib/Cake/Routing/Dispatcher.php(167): Dispatcher->_invoke(Object(ChatController), Object(CakeRequest))
#2 /var/www/html/xuanduc190499/app/webroot/index.php(118): Dispatcher->dispatch(Object(CakeRequest), Object(CakeResponse))
#3 {main}
2019-12-18 08:51:06 Error: [MissingActionException] Action ChatController::WWW_ROOT . 'img() could not be found.
Exception Attributes: array (
  'controller' => 'ChatController',
  'action' => 'WWW_ROOT . \'img',
)
Request URL: /chat/WWW_ROOT%20.%20'img/upload/'%20.%20$file['name']
Stack Trace:
#0 /var/www/html/xuanduc190499/lib/Cake/Routing/Dispatcher.php(193): Controller->invokeAction(Object(CakeRequest))
#1 /var/www/html/xuanduc190499/lib/Cake/Routing/Dispatcher.php(167): Dispatcher->_invoke(Object(ChatController), Object(CakeRequest))
#2 /var/www/html/xuanduc190499/app/webroot/index.php(118): Dispatcher->dispatch(Object(CakeRequest), Object(CakeResponse))
#3 {main}
2019-12-18 08:51:21 Error: [MissingActionException] Action ChatController::WWW_ROOT . 'img() could not be found.
Exception Attributes: array (
  'controller' => 'ChatController',
  'action' => 'WWW_ROOT . \'img',
)
Request URL: /chat/WWW_ROOT%20.%20'img/upload/'%20.%20$file['name']
Stack Trace:
#0 /var/www/html/xuanduc190499/lib/Cake/Routing/Dispatcher.php(193): Controller->invokeAction(Object(CakeRequest))
#1 /var/www/html/xuanduc190499/lib/Cake/Routing/Dispatcher.php(167): Dispatcher->_invoke(Object(ChatController), Object(CakeRequest))
#2 /var/www/html/xuanduc190499/app/webroot/index.php(118): Dispatcher->dispatch(Object(CakeRequest), Object(CakeResponse))
#3 {main}
2019-12-18 08:51:59 Error: [MissingActionException] Action ChatController::WWW_ROOT . 'img() could not be found.
Exception Attributes: array (
  'controller' => 'ChatController',
  'action' => 'WWW_ROOT . \'img',
)
Request URL: /chat/WWW_ROOT%20.%20'img/upload/'%20.%20$file['name']
Stack Trace:
#0 /var/www/html/xuanduc190499/lib/Cake/Routing/Dispatcher.php(193): Controller->invokeAction(Object(CakeRequest))
#1 /var/www/html/xuanduc190499/lib/Cake/Routing/Dispatcher.php(167): Dispatcher->_invoke(Object(ChatController), Object(CakeRequest))
#2 /var/www/html/xuanduc190499/app/webroot/index.php(118): Dispatcher->dispatch(Object(CakeRequest), Object(CakeResponse))
#3 {main}
2019-12-18 08:52:02 Error: [MissingActionException] Action ChatController::WWW_ROOT . 'img() could not be found.
Exception Attributes: array (
  'controller' => 'ChatController',
  'action' => 'WWW_ROOT . \'img',
)
Request URL: /chat/WWW_ROOT%20.%20'img/upload/'%20.%20$file['name']
Stack Trace:
#0 /var/www/html/xuanduc190499/lib/Cake/Routing/Dispatcher.php(193): Controller->invokeAction(Object(CakeRequest))
#1 /var/www/html/xuanduc190499/lib/Cake/Routing/Dispatcher.php(167): Dispatcher->_invoke(Object(ChatController), Object(CakeRequest))
#2 /var/www/html/xuanduc190499/app/webroot/index.php(118): Dispatcher->dispatch(Object(CakeRequest), Object(CakeResponse))
#3 {main}
2019-12-18 08:52:04 Error: [MissingActionException] Action ChatController::WWW_ROOT . 'img() could not be found.
Exception Attributes: array (
  'controller' => 'ChatController',
  'action' => 'WWW_ROOT . \'img',
)
Request URL: /chat/WWW_ROOT%20.%20'img/upload/'%20.%20$file['name']
Stack Trace:
#0 /var/www/html/xuanduc190499/lib/Cake/Routing/Dispatcher.php(193): Controller->invokeAction(Object(CakeRequest))
#1 /var/www/html/xuanduc190499/lib/Cake/Routing/Dispatcher.php(167): Dispatcher->_invoke(Object(ChatController), Object(CakeRequest))
#2 /var/www/html/xuanduc190499/app/webroot/index.php(118): Dispatcher->dispatch(Object(CakeRequest), Object(CakeResponse))
#3 {main}
2019-12-18 08:52:15 Error: [MissingActionException] Action ChatController::WWW_ROOT . 'img() could not be found.
Exception Attributes: array (
  'controller' => 'ChatController',
  'action' => 'WWW_ROOT . \'img',
)
Request URL: /chat/WWW_ROOT%20.%20'img/upload/'%20.%20$file['name']
Stack Trace:
#0 /var/www/html/xuanduc190499/lib/Cake/Routing/Dispatcher.php(193): Controller->invokeAction(Object(CakeRequest))
#1 /var/www/html/xuanduc190499/lib/Cake/Routing/Dispatcher.php(167): Dispatcher->_invoke(Object(ChatController), Object(CakeRequest))
#2 /var/www/html/xuanduc190499/app/webroot/index.php(118): Dispatcher->dispatch(Object(CakeRequest), Object(CakeResponse))
#3 {main}
2019-12-18 08:52:51 Error: [MissingActionException] Action ChatController::WWW_ROOT . 'img() could not be found.
Exception Attributes: array (
  'controller' => 'ChatController',
  'action' => 'WWW_ROOT . \'img',
)
Request URL: /chat/WWW_ROOT%20.%20'img/upload/'%20.%20$file['name']
Stack Trace:
#0 /var/www/html/xuanduc190499/lib/Cake/Routing/Dispatcher.php(193): Controller->invokeAction(Object(CakeRequest))
#1 /var/www/html/xuanduc190499/lib/Cake/Routing/Dispatcher.php(167): Dispatcher->_invoke(Object(ChatController), Object(CakeRequest))
#2 /var/www/html/xuanduc190499/app/webroot/index.php(118): Dispatcher->dispatch(Object(CakeRequest), Object(CakeResponse))
#3 {main}
2019-12-18 08:52:53 Error: [MissingActionException] Action ChatController::WWW_ROOT . 'img() could not be found.
Exception Attributes: array (
  'controller' => 'ChatController',
  'action' => 'WWW_ROOT . \'img',
)
Request URL: /chat/WWW_ROOT%20.%20'img/upload/'%20.%20$file['name']
Stack Trace:
#0 /var/www/html/xuanduc190499/lib/Cake/Routing/Dispatcher.php(193): Controller->invokeAction(Object(CakeRequest))
#1 /var/www/html/xuanduc190499/lib/Cake/Routing/Dispatcher.php(167): Dispatcher->_invoke(Object(ChatController), Object(CakeRequest))
#2 /var/www/html/xuanduc190499/app/webroot/index.php(118): Dispatcher->dispatch(Object(CakeRequest), Object(CakeResponse))
#3 {main}
2019-12-18 08:53:10 Error: [MissingActionException] Action ChatController::WWW_ROOT . 'img() could not be found.
Exception Attributes: array (
  'controller' => 'ChatController',
  'action' => 'WWW_ROOT . \'img',
)
Request URL: /chat/WWW_ROOT%20.%20'img/upload/'%20.%20$file['name']
Stack Trace:
#0 /var/www/html/xuanduc190499/lib/Cake/Routing/Dispatcher.php(193): Controller->invokeAction(Object(CakeRequest))
#1 /var/www/html/xuanduc190499/lib/Cake/Routing/Dispatcher.php(167): Dispatcher->_invoke(Object(ChatController), Object(CakeRequest))
#2 /var/www/html/xuanduc190499/app/webroot/index.php(118): Dispatcher->dispatch(Object(CakeRequest), Object(CakeResponse))
#3 {main}
2019-12-18 08:53:14 Error: [MissingActionException] Action ChatController::WWW_ROOT . 'img() could not be found.
Exception Attributes: array (
  'controller' => 'ChatController',
  'action' => 'WWW_ROOT . \'img',
)
Request URL: /chat/WWW_ROOT%20.%20'img/upload/'%20.%20$file['name']
Stack Trace:
#0 /var/www/html/xuanduc190499/lib/Cake/Routing/Dispatcher.php(193): Controller->invokeAction(Object(CakeRequest))
#1 /var/www/html/xuanduc190499/lib/Cake/Routing/Dispatcher.php(167): Dispatcher->_invoke(Object(ChatController), Object(CakeRequest))
#2 /var/www/html/xuanduc190499/app/webroot/index.php(118): Dispatcher->dispatch(Object(CakeRequest), Object(CakeResponse))
#3 {main}
2019-12-18 08:53:36 Error: [MissingActionException] Action ChatController::WWW_ROOT . 'img() could not be found.
Exception Attributes: array (
  'controller' => 'ChatController',
  'action' => 'WWW_ROOT . \'img',
)
Request URL: /chat/WWW_ROOT%20.%20'img/upload/'%20.%20$file['name']
Stack Trace:
#0 /var/www/html/xuanduc190499/lib/Cake/Routing/Dispatcher.php(193): Controller->invokeAction(Object(CakeRequest))
#1 /var/www/html/xuanduc190499/lib/Cake/Routing/Dispatcher.php(167): Dispatcher->_invoke(Object(ChatController), Object(CakeRequest))
#2 /var/www/html/xuanduc190499/app/webroot/index.php(118): Dispatcher->dispatch(Object(CakeRequest), Object(CakeResponse))
#3 {main}
2019-12-18 08:57:46 Error: [MissingActionException] Action ChatController::WWW_ROOT . 'img() could not be found.
Exception Attributes: array (
  'controller' => 'ChatController',
  'action' => 'WWW_ROOT . \'img',
)
Request URL: /chat/WWW_ROOT%20.%20'img/upload/'%20.%20%3Cpre%20class=
Stack Trace:
#0 /var/www/html/xuanduc190499/lib/Cake/Routing/Dispatcher.php(193): Controller->invokeAction(Object(CakeRequest))
#1 /var/www/html/xuanduc190499/lib/Cake/Routing/Dispatcher.php(167): Dispatcher->_invoke(Object(ChatController), Object(CakeRequest))
#2 /var/www/html/xuanduc190499/app/webroot/index.php(118): Dispatcher->dispatch(Object(CakeRequest), Object(CakeResponse))
#3 {main}
2019-12-18 08:59:58 Error: [MissingActionException] Action ChatController::app() could not be found.
Exception Attributes: array (
  'controller' => 'ChatController',
  'action' => 'app',
)
Request URL: /chat/app/webroot/img/upload/download.jpeg
Stack Trace:
#0 /var/www/html/xuanduc190499/lib/Cake/Routing/Dispatcher.php(193): Controller->invokeAction(Object(CakeRequest))
#1 /var/www/html/xuanduc190499/lib/Cake/Routing/Dispatcher.php(167): Dispatcher->_invoke(Object(ChatController), Object(CakeRequest))
#2 /var/www/html/xuanduc190499/app/webroot/index.php(118): Dispatcher->dispatch(Object(CakeRequest), Object(CakeResponse))
#3 {main}
2019-12-18 09:01:47 Error: [MissingControllerException] Controller class WWWROOT.'imgController could not be found.
Exception Attributes: array (
  'class' => 'WWWROOT.\'imgController',
  'plugin' => NULL,
)
Request URL: /WWW_ROOT%20.%20'img/upload/'%20.%20%3Cpre%20class=
Stack Trace:
#0 /var/www/html/xuanduc190499/app/webroot/index.php(118): Dispatcher->dispatch(Object(CakeRequest), Object(CakeResponse))
#1 {main}
2019-12-18 09:03:27 Error: [MissingActionException] Action AppController::webroot() could not be found.
Exception Attributes: array (
  'controller' => 'AppController',
  'action' => 'webroot',
)
Request URL: /app/webroot/img/upload/%3Cpre%20class=
Stack Trace:
#0 /var/www/html/xuanduc190499/lib/Cake/Routing/Dispatcher.php(193): Controller->invokeAction(Object(CakeRequest))
#1 /var/www/html/xuanduc190499/lib/Cake/Routing/Dispatcher.php(167): Dispatcher->_invoke(Object(AppController), Object(CakeRequest))
#2 /var/www/html/xuanduc190499/app/webroot/index.php(118): Dispatcher->dispatch(Object(CakeRequest), Object(CakeResponse))
#3 {main}
2019-12-18 09:39:29 Error: [MissingActionException] Action AppController::webroot() could not be found.
Exception Attributes: array (
  'controller' => 'AppController',
  'action' => 'webroot',
)
Request URL: /app/webroot/img/upload/file
Stack Trace:
#0 /var/www/html/xuanduc190499/lib/Cake/Routing/Dispatcher.php(193): Controller->invokeAction(Object(CakeRequest))
#1 /var/www/html/xuanduc190499/lib/Cake/Routing/Dispatcher.php(167): Dispatcher->_invoke(Object(AppController), Object(CakeRequest))
#2 /var/www/html/xuanduc190499/app/webroot/index.php(118): Dispatcher->dispatch(Object(CakeRequest), Object(CakeResponse))
#3 {main}
2019-12-18 09:39:31 Error: [MissingActionException] Action AppController::webroot() could not be found.
Exception Attributes: array (
  'controller' => 'AppController',
  'action' => 'webroot',
)
Request URL: /app/webroot/img/upload/file
Stack Trace:
#0 /var/www/html/xuanduc190499/lib/Cake/Routing/Dispatcher.php(193): Controller->invokeAction(Object(CakeRequest))
#1 /var/www/html/xuanduc190499/lib/Cake/Routing/Dispatcher.php(167): Dispatcher->_invoke(Object(AppController), Object(CakeRequest))
#2 /var/www/html/xuanduc190499/app/webroot/index.php(118): Dispatcher->dispatch(Object(CakeRequest), Object(CakeResponse))
#3 {main}
2019-12-18 09:39:32 Error: [MissingActionException] Action AppController::webroot() could not be found.
Exception Attributes: array (
  'controller' => 'AppController',
  'action' => 'webroot',
)
Request URL: /app/webroot/img/upload/file
Stack Trace:
#0 /var/www/html/xuanduc190499/lib/Cake/Routing/Dispatcher.php(193): Controller->invokeAction(Object(CakeRequest))
#1 /var/www/html/xuanduc190499/lib/Cake/Routing/Dispatcher.php(167): Dispatcher->_invoke(Object(AppController), Object(CakeRequest))
#2 /var/www/html/xuanduc190499/app/webroot/index.php(118): Dispatcher->dispatch(Object(CakeRequest), Object(CakeResponse))
#3 {main}
2019-12-25 01:44:23 Error: [MissingConnectionException] Database connection "Mysql" is missing, or could not be created.
Exception Attributes: array (
  'class' => 'Mysql',
  'message' => 'SQLSTATE[28000] [1045] Access denied for user \'root\'@\'localhost\' (using password: YES)',
  'enabled' => true,
)
Request URL: /xuanduc190499/chat/feed
Stack Trace:
#0 /var/www/html/xuanduc190499/lib/Cake/Model/Datasource/DboSource.php(278): Mysql->connect()
#1 /var/www/html/xuanduc190499/lib/Cake/Model/ConnectionManager.php(105): DboSource->__construct(Array)
#2 /var/www/html/xuanduc190499/lib/Cake/Model/Model.php(3659): ConnectionManager::getDataSource('default')
#3 /var/www/html/xuanduc190499/lib/Cake/Model/Model.php(1162): Model->setDataSource('default')
#4 /var/www/html/xuanduc190499/lib/Cake/Model/Model.php(3686): Model->setSource('t_feed')
#5 /var/www/html/xuanduc190499/lib/Cake/Model/Model.php(3053): Model->getDataSource()
#6 /var/www/html/xuanduc190499/lib/Cake/Model/Model.php(3025): Model->_readDataSource('all', Array)
#7 /var/www/html/xuanduc190499/app/Controller/ChatController.php(65): Model->find('all')
#8 [internal function]: ChatController->feed()
#9 /var/www/html/xuanduc190499/lib/Cake/Controller/Controller.php(499): ReflectionMethod->invokeArgs(Object(ChatController), Array)
#10 /var/www/html/xuanduc190499/lib/Cake/Routing/Dispatcher.php(193): Controller->invokeAction(Object(CakeRequest))
#11 /var/www/html/xuanduc190499/lib/Cake/Routing/Dispatcher.php(167): Dispatcher->_invoke(Object(ChatController), Object(CakeRequest))
#12 /var/www/html/xuanduc190499/app/webroot/index.php(118): Dispatcher->dispatch(Object(CakeRequest), Object(CakeResponse))
#13 {main}
2020-01-25 14:25:37 Error: [MissingControllerException] Controller class FeedController could not be found.
Exception Attributes: array (
  'class' => 'FeedController',
  'plugin' => NULL,
)
Request URL: /xuanduc190499/feed
Stack Trace:
#0 /var/www/html/xuanduc190499/app/webroot/index.php(118): Dispatcher->dispatch(Object(CakeRequest), Object(CakeResponse))
#1 {main}
